<?xml version="1.0" encoding="UTF-8"?>
<!-- Generated by org.testng.reporters.JUnitReportReporter -->
<testsuite hostname="hp" failures="0" tests="1" name="com.formy.FormyScriptTest" time="4.441" errors="0" timestamp="2022-07-09T19:51:11 IST" skipped="0">
  <testcase classname="com.formy.FormyScriptTest" name="formyApplication" time="4.441"/>
  <system-out>
    <![CDATA[Title is Verified
Form is Successfully Submited]]>
  </system-out>
</testsuite> <!-- com.formy.FormyScriptTest -->
