<?xml version="1.0" encoding="UTF-8"?>
<!-- Generated by org.testng.reporters.JUnitReportReporter -->
<testsuite hostname="hp" failures="0" tests="1" name="com.formy.FormyScriptTest" time="3.029" errors="0" timestamp="2022-07-09T20:43:58 IST" skipped="0">
  <testcase classname="com.formy.FormyScriptTest" name="loginPage" time="3.029"/>
  <system-out/>
</testsuite> <!-- com.formy.FormyScriptTest -->
